<?xml version="1.0" encoding="UTF-8"?>
<!-- Generated by org.testng.reporters.JUnitReportReporter -->
<testsuite hostname="BabluKumarPrasa" name="executions.TS_21_Exe" tests="3" failures="0" timestamp="31 Mar 2018 07:46:19 GMT" time="190.258" errors="0">
  <testcase name="CRe4_978" time="58.324" classname="executions.TS_21_Exe"/>
  <testcase name="CRe4_974" time="66.986" classname="executions.TS_21_Exe"/>
  <testcase name="CRe4_970_971_972_973_977" time="64.948" classname="executions.TS_21_Exe"/>
</testsuite> <!-- executions.TS_21_Exe -->
